Dec-14 10:56:30.072 [main] DEBUG nextflow.cli.Launcher - $> nextflow run hello
Dec-14 10:56:30.141 [main] INFO  nextflow.cli.CmdRun - N E X T F L O W  ~  version 20.10.0
Dec-14 10:56:30.159 [main] DEBUG nextflow.scm.AssetManager - Listing projects in folder: /home/rodriggu/.nextflow/assets
Dec-14 10:56:30.166 [main] INFO  nextflow.cli.CmdRun - Pulling nextflow-io/hello ...
Dec-14 10:56:30.168 [main] DEBUG nextflow.scm.RepositoryProvider - Request [credentials -:-] -> https://api.github.com/repos/nextflow-io/hello/contents/nextflow.config
Dec-14 10:56:31.262 [main] DEBUG nextflow.scm.RepositoryProvider - Request [credentials -:-] -> https://api.github.com/repos/nextflow-io/hello/contents/main.nf
Dec-14 10:56:31.586 [main] DEBUG nextflow.scm.RepositoryProvider - Request [credentials -:-] -> https://api.github.com/repos/nextflow-io/hello
Dec-14 10:56:31.914 [main] DEBUG nextflow.scm.AssetManager - Pulling nextflow-io/hello -- Using remote clone url: https://github.com/nextflow-io/hello.git
Dec-14 10:56:33.973 [main] INFO  nextflow.cli.CmdRun -  downloaded from https://github.com/nextflow-io/hello.git
Dec-14 10:56:33.995 [main] INFO  nextflow.cli.CmdRun - Launching `nextflow-io/hello` [peaceful_crick] - revision: e6d9427e5b [master]
Dec-14 10:56:34.010 [main] DEBUG nextflow.config.ConfigBuilder - Found config base: /home/rodriggu/.nextflow/assets/nextflow-io/hello/nextflow.config
Dec-14 10:56:34.011 [main] DEBUG nextflow.config.ConfigBuilder - Parsing config file: /home/rodriggu/.nextflow/assets/nextflow-io/hello/nextflow.config
Dec-14 10:56:34.016 [main] DEBUG nextflow.config.ConfigBuilder - Applying config profile: `standard`
Dec-14 10:56:34.077 [main] DEBUG nextflow.Session - Session uuid: ffc8ca7f-5602-4c78-938c-c2a0ce07a020
Dec-14 10:56:34.077 [main] DEBUG nextflow.Session - Run name: peaceful_crick
Dec-14 10:56:34.078 [main] DEBUG nextflow.Session - Executor pool size: 6
Dec-14 10:56:34.098 [main] DEBUG nextflow.cli.CmdRun - 
  Version: 20.10.0 build 5430
  Created: 01-11-2020 15:14 UTC (02-11-2020 04:14 NZDT)
  System: Linux 5.4.0-56-generic
  Runtime: Groovy 3.0.5 on OpenJDK 64-Bit Server VM 14.0.2+12-Ubuntu-120.04
  Encoding: UTF-8 (UTF-8)
  Process: 7868@rodriggu-Virtual-Machine [127.0.1.1]
  CPUs: 6 - Mem: 6.7 GB (4.2 GB) - Swap: 0 (0)
Dec-14 10:56:34.114 [main] DEBUG nextflow.Session - Work-dir: /home/rodriggu/FOG/work [ext2/ext3]
Dec-14 10:56:34.114 [main] DEBUG nextflow.Session - Script base path does not exist or is not a directory: /home/rodriggu/.nextflow/assets/nextflow-io/hello/bin
Dec-14 10:56:34.141 [main] DEBUG nextflow.Session - Observer factory: TowerFactory
Dec-14 10:56:34.142 [main] DEBUG nextflow.Session - Observer factory: DefaultObserverFactory
Dec-14 10:56:34.279 [main] DEBUG nextflow.Session - Session start invoked
Dec-14 10:56:34.467 [main] DEBUG nextflow.script.ScriptRunner - > Launching execution
Dec-14 10:56:34.477 [main] DEBUG nextflow.Session - Workflow process names [dsl1]: sayHello
Dec-14 10:56:34.532 [main] DEBUG nextflow.executor.ExecutorFactory - << taskConfig executor: null
Dec-14 10:56:34.532 [main] DEBUG nextflow.executor.ExecutorFactory - >> processorType: 'local'
Dec-14 10:56:34.536 [main] DEBUG nextflow.executor.Executor - [warm up] executor > local
Dec-14 10:56:34.540 [main] DEBUG n.processor.LocalPollingMonitor - Creating local task monitor for executor 'local' > cpus=6; memory=6.7 GB; capacity=6; pollInterval=100ms; dumpInterval=5m
Dec-14 10:56:34.615 [main] DEBUG nextflow.script.ScriptRunner - > Await termination 
Dec-14 10:56:34.615 [main] DEBUG nextflow.Session - Session await
Dec-14 10:56:34.737 [Task submitter] DEBUG nextflow.executor.LocalTaskHandler - Launch cmd line: /bin/bash -ue .command.run
Dec-14 10:56:34.741 [Task submitter] INFO  nextflow.Session - [2b/2e420c] Submitted process > sayHello (3)
Dec-14 10:56:34.750 [Task submitter] DEBUG nextflow.executor.LocalTaskHandler - Launch cmd line: /bin/bash -ue .command.run
Dec-14 10:56:34.751 [Task submitter] INFO  nextflow.Session - [1f/c1591f] Submitted process > sayHello (4)
Dec-14 10:56:34.760 [Task submitter] DEBUG nextflow.executor.LocalTaskHandler - Launch cmd line: /bin/bash -ue .command.run
Dec-14 10:56:34.761 [Task submitter] INFO  nextflow.Session - [f8/1317a0] Submitted process > sayHello (1)
Dec-14 10:56:34.780 [Task submitter] DEBUG nextflow.executor.LocalTaskHandler - Launch cmd line: /bin/bash -ue .command.run
Dec-14 10:56:34.781 [Task submitter] INFO  nextflow.Session - [fb/6bcbf7] Submitted process > sayHello (2)
Dec-14 10:56:34.802 [Task monitor] DEBUG n.processor.TaskPollingMonitor - Task completed > TaskHandler[id: 2; name: sayHello (3); status: COMPLETED; exit: 0; error: -; workDir: /home/rodriggu/FOG/work/2b/2e420cb7dd0b3219d34feb663b7698]
Dec-14 10:56:34.817 [Task monitor] DEBUG n.processor.TaskPollingMonitor - Task completed > TaskHandler[id: 4; name: sayHello (4); status: COMPLETED; exit: 0; error: -; workDir: /home/rodriggu/FOG/work/1f/c1591f18d0d19fe46ac8077bd3005f]
Dec-14 10:56:34.825 [Task monitor] DEBUG n.processor.TaskPollingMonitor - Task completed > TaskHandler[id: 1; name: sayHello (1); status: COMPLETED; exit: 0; error: -; workDir: /home/rodriggu/FOG/work/f8/1317a044769a4bc82fd932647d372d]
Dec-14 10:56:34.831 [Task monitor] DEBUG n.processor.TaskPollingMonitor - Task completed > TaskHandler[id: 3; name: sayHello (2); status: COMPLETED; exit: 0; error: -; workDir: /home/rodriggu/FOG/work/fb/6bcbf712afdd953293363b5d6dc1a8]
Dec-14 10:56:34.834 [main] DEBUG nextflow.Session - Session await > all process finished
Dec-14 10:56:34.898 [main] DEBUG nextflow.Session - Session await > all barriers passed
Dec-14 10:56:34.903 [main] DEBUG nextflow.trace.WorkflowStatsObserver - Workflow completed > WorkflowStats[succeededCount=4; failedCount=0; ignoredCount=0; cachedCount=0; pendingCount=0; submittedCount=0; runningCount=0; retriesCount=0; abortedCount=0; succeedDuration=44ms; failedDuration=0ms; cachedDuration=0ms;loadCpus=0; loadMemory=0; peakRunning=1; peakCpus=1; peakMemory=0; ]
Dec-14 10:56:34.916 [main] DEBUG nextflow.CacheDB - Closing CacheDB done
Dec-14 10:56:34.919 [main] DEBUG nextflow.util.SpuriousDeps - AWS S3 uploader shutdown
Dec-14 10:56:34.931 [main] DEBUG nextflow.script.ScriptRunner - > Execution complete -- Goodbye
